app/build/intermediates/manifest_merge_blame_file/debug/manifest-merger-blame-debug-report.txt
1<?xml version="1.0" encoding="utf-8"?>
2<manifest xmlns:android="http://schemas.android.com/apk/res/android"
3    package="com.Mabes.datatamu"
4    android:versionCode="1"
5    android:versionName="1.0" >
6
7    <uses-sdk
8        android:minSdkVersion="21"
8-->src\main\AndroidManifest.xml
9        android:targetSdkVersion="29" />
9-->src\main\AndroidManifest.xml
10    <!--
11         The ACCESS_COARSE/FINE_LOCATION permissions are not required to use
12         Google Maps Android API v2, but you must specify either coarse or fine
13         location permissions for the "MyLocation" functionality.
14    -->
15    <uses-permission android:name="android.permission.ACCESS_FINE_LOCATION" />
15-->src\main\AndroidManifest.xml:9:5-79
15-->src\main\AndroidManifest.xml:9:22-76
16
17    <uses-permission-sdk-23 android:name="android.permission.INTERNET" />
17-->src\main\AndroidManifest.xml:11:5-74
17-->src\main\AndroidManifest.xml:11:29-71
18
19    <!-- Include required permissions for Google Maps API to run. -->
20    <uses-permission android:name="android.permission.ACCESS_NETWORK_STATE" />
20-->[com.google.android.gms:play-services-maps:17.0.0] AndroidManifest.xml:23:5-79
20-->[com.google.android.gms:play-services-maps:17.0.0] AndroidManifest.xml:23:22-76
21    <uses-permission android:name="android.permission.INTERNET" />
21-->[com.google.android.gms:play-services-maps:17.0.0] AndroidManifest.xml:24:5-67
21-->[com.google.android.gms:play-services-maps:17.0.0] AndroidManifest.xml:24:22-64
22
23    <uses-feature
23-->[com.google.android.gms:play-services-maps:17.0.0] AndroidManifest.xml:26:5-28:35
24        android:glEsVersion="0x00020000"
24-->[com.google.android.gms:play-services-maps:17.0.0] AndroidManifest.xml:27:9-41
25        android:required="true" />
25-->[com.google.android.gms:play-services-maps:17.0.0] AndroidManifest.xml:28:9-32
26
27    <application
27-->src\main\AndroidManifest.xml:13:5-57:19
28        android:allowBackup="true"
28-->src\main\AndroidManifest.xml:14:9-35
29        android:appComponentFactory="androidx.core.app.CoreComponentFactory"
29-->[androidx.core:core:1.3.0] AndroidManifest.xml:24:18-86
30        android:debuggable="true"
31        android:icon="@mipmap/ic_launcher"
31-->src\main\AndroidManifest.xml:15:9-43
32        android:label="Data Tamu MABES TNI"
32-->src\main\AndroidManifest.xml:16:9-44
33        android:roundIcon="@mipmap/ic_launcher_round"
33-->src\main\AndroidManifest.xml:17:9-54
34        android:supportsRtl="true"
34-->src\main\AndroidManifest.xml:18:9-35
35        android:testOnly="true"
36        android:theme="@style/AppTheme" >
36-->src\main\AndroidManifest.xml:19:9-40
37        <activity android:name="com.Mabes.datatamu.activities.Tata_Tertib" />
37-->src\main\AndroidManifest.xml:20:9-69
37-->src\main\AndroidManifest.xml:20:19-57
38        <activity android:name="com.Mabes.datatamu.activities.Update_AnggotaActivity" />
38-->src\main\AndroidManifest.xml:21:9-71
38-->src\main\AndroidManifest.xml:21:19-68
39        <activity android:name="com.Mabes.datatamu.activities.lihatanggota" />
39-->src\main\AndroidManifest.xml:22:9-61
39-->src\main\AndroidManifest.xml:22:19-58
40        <!--
41             The API key for Google Maps-based APIs is defined as a string resource.
42             (See the file "res/values/google_maps_api.xml").
43             Note that the API key is linked to the encryption key used to sign the APK.
44             You need a different API key for each encryption key, including the release key that is used to
45             sign the APK for publishing.
46             You can define the keys for the debug and release targets in src/debug/ and src/release/.
47        -->
48        <meta-data
48-->src\main\AndroidManifest.xml:31:9-33:71
49            android:name="com.google.android.geo.API_KEY"
49-->src\main\AndroidManifest.xml:32:13-58
50            android:value="AIzaSyBvjDHCz4ZGCDKYCizPI3b4UdSgBgNuDPE" />
50-->src\main\AndroidManifest.xml:33:13-68
51
52        <activity android:name="com.Mabes.datatamu.activities.TambahAnggotaActivity" />
52-->src\main\AndroidManifest.xml:35:9-70
52-->src\main\AndroidManifest.xml:35:19-67
53        <activity android:name="com.Mabes.datatamu.activities.BiodataAnggotaActivity" />
53-->src\main\AndroidManifest.xml:36:9-71
53-->src\main\AndroidManifest.xml:36:19-68
54        <activity android:name="com.Mabes.datatamu.activities.NewsActivity" />
54-->src\main\AndroidManifest.xml:37:9-61
54-->src\main\AndroidManifest.xml:37:19-58
55        <activity
55-->src\main\AndroidManifest.xml:38:9-40:59
56            android:name="com.Mabes.datatamu.activities.MapsActivity"
56-->src\main\AndroidManifest.xml:39:13-52
57            android:label="@string/title_activity_maps" />
57-->src\main\AndroidManifest.xml:40:13-56
58        <activity android:name="com.Mabes.datatamu.activities.UpdateBiodataActivity" />
58-->src\main\AndroidManifest.xml:41:9-70
58-->src\main\AndroidManifest.xml:41:19-67
59        <activity android:name="com.Mabes.datatamu.activities.LihatBiodataActivity" />
59-->src\main\AndroidManifest.xml:42:9-69
59-->src\main\AndroidManifest.xml:42:19-66
60        <activity android:name="com.Mabes.datatamu.activities.BuatBiodataActivity" />
60-->src\main\AndroidManifest.xml:43:9-68
60-->src\main\AndroidManifest.xml:43:19-65
61        <activity android:name="com.Mabes.datatamu.activities.UpdateBiodata1Activity" />
61-->src\main\AndroidManifest.xml:44:9-71
61-->src\main\AndroidManifest.xml:44:19-68
62        <activity android:name="com.Mabes.datatamu.activities.LihatBiodata1Activity" />
62-->src\main\AndroidManifest.xml:45:9-70
62-->src\main\AndroidManifest.xml:45:19-67
63        <activity android:name="com.Mabes.datatamu.activities.BuatBiodata1Activity" />
63-->src\main\AndroidManifest.xml:46:9-69
63-->src\main\AndroidManifest.xml:46:19-66
64        <activity android:name="com.Mabes.datatamu.activities.MainActivity" />
64-->src\main\AndroidManifest.xml:47:9-61
64-->src\main\AndroidManifest.xml:47:19-58
65        <activity android:name="com.Mabes.datatamu.activities.MainActivity1" />
65-->src\main\AndroidManifest.xml:48:9-62
65-->src\main\AndroidManifest.xml:48:19-59
66        <activity android:name="com.Mabes.datatamu.activities.DashboardActivity" />
66-->src\main\AndroidManifest.xml:49:9-65
66-->src\main\AndroidManifest.xml:49:19-63
67        <activity android:name="com.Mabes.datatamu.activities.loginActivity" >
67-->src\main\AndroidManifest.xml:50:9-56:20
67-->src\main\AndroidManifest.xml:50:19-59
68            <intent-filter>
68-->src\main\AndroidManifest.xml:51:13-55:29
69                <action android:name="android.intent.action.MAIN" />
69-->src\main\AndroidManifest.xml:52:17-69
69-->src\main\AndroidManifest.xml:52:25-66
70
71                <category android:name="android.intent.category.LAUNCHER" />
71-->src\main\AndroidManifest.xml:54:17-77
71-->src\main\AndroidManifest.xml:54:27-74
72            </intent-filter>
73        </activity>
74        <!-- Needs to be explicitly declared on P+ -->
75        <uses-library
75-->[com.google.android.gms:play-services-maps:17.0.0] AndroidManifest.xml:33:9-35:40
76            android:name="org.apache.http.legacy"
76-->[com.google.android.gms:play-services-maps:17.0.0] AndroidManifest.xml:34:13-50
77            android:required="false" />
77-->[com.google.android.gms:play-services-maps:17.0.0] AndroidManifest.xml:35:13-37
78
79        <activity
79-->[com.google.android.gms:play-services-base:17.0.0] AndroidManifest.xml:23:9-26:75
80            android:name="com.google.android.gms.common.api.GoogleApiActivity"
80-->[com.google.android.gms:play-services-base:17.0.0] AndroidManifest.xml:24:13-79
81            android:exported="false"
81-->[com.google.android.gms:play-services-base:17.0.0] AndroidManifest.xml:25:13-37
82            android:theme="@android:style/Theme.Translucent.NoTitleBar" />
82-->[com.google.android.gms:play-services-base:17.0.0] AndroidManifest.xml:26:13-72
83
84        <meta-data
84-->[com.google.android.gms:play-services-basement:17.0.0] AndroidManifest.xml:23:9-25:69
85            android:name="com.google.android.gms.version"
85-->[com.google.android.gms:play-services-basement:17.0.0] AndroidManifest.xml:24:13-58
86            android:value="@integer/google_play_services_version" />
86-->[com.google.android.gms:play-services-basement:17.0.0] AndroidManifest.xml:25:13-66
87    </application>
88
89</manifest>